2026-03-25 00:38:11,531 - __main__.CoverGenerator - INFO - ======================= New model =======================
2026-03-25 00:38:11,531 - __main__.CoverGenerator - DEBUG - Debug mode is ON
2026-03-25 00:38:11,531 - __main__.CoverGenerator - INFO - CoverGenerator initialized with model='black-forest-labs/FLUX.1-schnell'
2026-03-25 00:40:37,930 - __main__.CoverGenerator - INFO - Generating a new image.
2026-03-25 00:40:37,930 - __main__.CoverGenerator - DEBUG - Prompt: A4 portrait format, 1:sqrt(2) aspect ratio. A conceptual split-view scientific illustration. Left side: A clean, precise diagram of a forensic linguistics methodology, showing a text document with transparent overlays of spectral analysis and stylometric feature extraction, rendered in cool, analytical blues and grays. Right side: The same linguistic data points and analysis vectors are fed into a complex, opaque neural network architecture, with outputs branching into a courtroom gavel and a prison cell icon, rendered in ominous red and black tones. A clear, fractured barrier separates the two sides, symbolizing the breach of ethical and scientific boundaries. The lighting is stark, clinical, and interrogative, with sharp shadows, in a detailed academic illustration style.
2026-03-25 00:40:46,345 - __main__.CoverGenerator - ERROR - An error occured during saving image [Errno 2] No such file or directory: '../images/1712.07512v1.png'
2026-03-25 00:41:38,301 - __main__.CoverGenerator - INFO - ======================= New model =======================
2026-03-25 00:41:38,301 - __main__.CoverGenerator - DEBUG - Debug mode is ON
2026-03-25 00:41:38,301 - __main__.CoverGenerator - INFO - CoverGenerator initialized with model='black-forest-labs/FLUX.1-schnell'
2026-03-25 00:41:47,439 - __main__.CoverGenerator - INFO - Generating a new image.
2026-03-25 00:41:47,439 - __main__.CoverGenerator - DEBUG - Prompt: A4 portrait format, 1:sqrt(2) aspect ratio. A conceptual split-view scientific illustration. Left side: A clean, precise diagram of a forensic linguistics methodology, showing a text document with transparent overlays of spectral analysis and stylometric feature extraction, rendered in cool, analytical blues and grays. Right side: The same linguistic data points and analysis vectors are fed into a complex, opaque neural network architecture, with outputs branching into a courtroom gavel and a prison cell icon, rendered in ominous red and black tones. A clear, fractured barrier separates the two sides, symbolizing the breach of ethical and scientific boundaries. The lighting is stark, clinical, and interrogative, with sharp shadows, in a detailed academic illustration style.
2026-03-25 00:42:55,688 - __main__.CoverGenerator - INFO - ======================= New model =======================
2026-03-25 00:42:55,689 - __main__.CoverGenerator - DEBUG - Debug mode is ON
2026-03-25 00:42:55,689 - __main__.CoverGenerator - INFO - CoverGenerator initialized with model='black-forest-labs/FLUX.1-schnell'
2026-03-25 00:42:57,946 - __main__.CoverGenerator - INFO - Generating a new image.
2026-03-25 00:42:57,946 - __main__.CoverGenerator - DEBUG - Prompt: A4 portrait format, 1:sqrt(2) aspect ratio. A conceptual split-view scientific illustration. Left side: A clean, precise diagram of a forensic linguistics methodology, showing a text document with transparent overlays of spectral analysis and stylometric feature extraction, rendered in cool, analytical blues and grays. Right side: The same linguistic data points and analysis vectors are fed into a complex, opaque neural network architecture, with outputs branching into a courtroom gavel and a prison cell icon, rendered in ominous red and black tones. A clear, fractured barrier separates the two sides, symbolizing the breach of ethical and scientific boundaries. The lighting is stark, clinical, and interrogative, with sharp shadows, in a detailed academic illustration style.
2026-03-25 00:43:06,122 - __main__.CoverGenerator - INFO - Image saved to ../images/1712.07512v1.png
2026-03-25 00:43:19,898 - __main__.CoverGenerator - INFO - ======================= New model =======================
2026-03-25 00:43:19,898 - __main__.CoverGenerator - DEBUG - Debug mode is ON
2026-03-25 00:43:19,898 - __main__.CoverGenerator - INFO - CoverGenerator initialized with model='black-forest-labs/FLUX.1-schnell'
2026-03-25 00:43:21,481 - __main__.CoverGenerator - INFO - Generating a new image.
2026-03-25 00:43:21,481 - __main__.CoverGenerator - DEBUG - Prompt: A4 portrait format, 1:sqrt(2) aspect ratio. A conceptual split-view scientific illustration. Left side: A clean, precise diagram of a forensic linguistics methodology, showing a text document with transparent overlays of spectral analysis and stylometric feature extraction, rendered in cool, analytical blues and grays. Right side: The same linguistic data points and analysis vectors are fed into a complex, opaque neural network architecture, with outputs branching into a courtroom gavel and a prison cell icon, rendered in ominous red and black tones. A clear, fractured barrier separates the two sides, symbolizing the breach of ethical and scientific boundaries. The lighting is stark, clinical, and interrogative, with sharp shadows, in a detailed academic illustration style.
2026-03-25 00:43:30,030 - __main__.CoverGenerator - INFO - Image saved to ../images/1712.07512v1.png
2026-03-25 22:08:08,382 - __main__.CoverGenerator - INFO - ======================= New model =======================
2026-03-25 22:08:08,382 - __main__.CoverGenerator - DEBUG - Debug mode is ON
2026-03-25 22:08:08,382 - __main__.CoverGenerator - INFO - CoverGenerator initialized with model='black-forest-labs/FLUX.1-schnell'
2026-03-25 22:09:54,392 - __main__.CoverGenerator - INFO - Generating a new image.
2026-03-25 22:09:54,392 - __main__.CoverGenerator - DEBUG - Prompt: A spectral algorithm diagram for learning Hidden Markov Models, showing a discrete time series of hidden states (circles in muted blue) transitioning to observed symbols (squares in warm orange), with a spectral decomposition matrix (SVD) represented as a grid of singular values in a heatmap from dark blue (low) to bright yellow (high), arrows indicating the flow from data to SVD to recovered transition and emission matrices, clean academic illustration style with precise line work on a white background, side-by-side composition showing the generative HMM process and the algorithmic spectral recovery steps, A4 portrait format, 1:sqrt(2) aspect ratio
2026-03-25 22:10:03,985 - __main__.CoverGenerator - INFO - Image saved to ../images/0811.4413v6.png
2026-03-25 22:10:03,986 - __main__.CoverGenerator - INFO - Generating a new image.
2026-03-25 22:10:03,986 - __main__.CoverGenerator - DEBUG - Prompt: A cross-section visualization of compressive sensing image reconstruction using data-matched wavelets, showing a grayscale test image (like 'cameraman' or 'lena') on the left, a sparse sampling grid using a partial canonical identity matrix in the center with measured pixels highlighted, and a reconstructed image using lifting-based separable matched wavelets on the right, with wavelet decomposition levels visualized as multi-level L-Pyramid overlays in semi-transparent blue and orange, arrows indicating the joint estimation and reconstruction flow, clean scientific diagram style with technical line art, precise labels for 'Sensing', 'Matched Wavelet Estimation', and 'Reconstruction', monochrome with accent colors for data flow, sharp focus, A4 portrait format, 1:sqrt
2026-03-25 22:10:12,231 - __main__.CoverGenerator - INFO - Image saved to ../images/1702.01970v1.png
2026-03-25 22:10:12,231 - __main__.CoverGenerator - INFO - Generating a new image.
2026-03-25 22:10:12,233 - __main__.CoverGenerator - DEBUG - Prompt: A4 portrait format, 1:sqrt(2) aspect ratio. A scientific diagram illustrating the adversarial vulnerability of a convolutional neural network (CNN) to simple geometric transformations. On the left, a clean input image of a panda is correctly classified. On the right, the same image has undergone a slight counter-clockwise rotation and a small horizontal translation, causing the CNN's classification output to change incorrectly to a gibbon. Arrows and labels clearly indicate the applied rotation angle and translation vector. The CNN architecture is shown schematically in the background with convolutional layers, pooling layers, and fully connected layers, with the final misclassified output logits highlighted in red. Clean, technical illustration style with a muted color palette of blues, grays,
2026-03-25 22:10:20,347 - __main__.CoverGenerator - INFO - Image saved to ../images/1712.02779v3.png
2026-03-25 22:10:20,348 - __main__.CoverGenerator - INFO - Generating a new image.
2026-03-25 22:10:20,348 - __main__.CoverGenerator - DEBUG - Prompt: A4 portrait format, 1:sqrt(2) aspect ratio. A split-view scientific illustration showing the automatic detection of ADHD and ASD from expressive behaviour. On the left, a person is being recorded by an RGBD sensor (color and depth camera), with a faint overlay of a 3D facial mesh and skeletal pose points extracted in real-time. On the right, a dynamic deep learning neural network architecture processes the RGBD data streams, with layers visualizing the fusion of facial expression features (as heatmaps of facial action units) and 3D behavioural kinematics (as trajectories of movement). Arrows flow from the sensor data into the network, culminating in a final classification node branching into ADHD, ASD, and Control labels with high accuracy percentages
2026-03-25 22:10:29,099 - __main__.CoverGenerator - INFO - Image saved to ../images/1612.02374v1.png
2026-03-25 22:10:29,099 - __main__.CoverGenerator - INFO - Generating a new image.
2026-03-25 22:10:29,099 - __main__.CoverGenerator - DEBUG - Prompt: A4 portrait format, 1:sqrt(2) aspect ratio, scientific visualization of a statistical manifold with embedded text data points, a heat kernel diffusion process represented as a glowing orange-to-blue Gaussian blur expanding from a central document node across a network graph, expected distances visualized as translucent geodesic arcs of varying lengths connecting nodes, the manifold surface rendered as a translucent, curved grid of probability distributions, dark background with precise mathematical notation for the heat equation floating subtly in the space, academic diagram style with clean lines and a colorbar legend for diffusion time, isometric perspective showing both the manifold curvature and the graph structure
2026-03-25 22:10:36,834 - __main__.CoverGenerator - INFO - Image saved to ../images/1206.5248v1.png
2026-03-25 22:10:36,834 - __main__.CoverGenerator - INFO - Generating a new image.
2026-03-25 22:10:36,834 - __main__.CoverGenerator - DEBUG - Prompt: Aerial view of a static surveillance scene with multiple pedestrian targets being tracked, showing particle filter distributions as translucent colored Gaussian blobs over each target, data association visualized as connecting lines between particle clusters and bounding box detections, state queues depicted as timeline ribbons below each tracked object with occlusion events shown as gaps in the ribbons, adaptive parameter adjustments visualized as dynamic particle density changes during occlusion, technical schematic style with clean lines and muted color palette (blues, grays, and accent yellows), split composition showing tracking visualization above and state queue timelines below, A4 portrait format, 1:sqrt(2) aspect ratio
2026-03-25 22:10:45,322 - __main__.CoverGenerator - INFO - Image saved to ../images/1510.00203v1.png
2026-03-25 22:10:45,322 - __main__.CoverGenerator - INFO - Generating a new image.
2026-03-25 22:10:45,322 - __main__.CoverGenerator - DEBUG - Prompt: A4 portrait format, 1:sqrt(2) aspect ratio. A split-view scientific visualization of a symmetric collaborative dialogue system. On the left, two abstract humanoid figures face each other, their heads connected by a glowing, bidirectional dialogue stream containing floating words and question marks. On the right, a dynamic knowledge graph is shown, with nodes representing private information (some nodes glowing on each side) and edges thickening as new connections are formed. The graph's structure and the embedding vectors (depicted as shimmering, multi-dimensional halos around nodes) subtly shift and reconfigure between three sequential panels, illustrating temporal evolution. The overall style is a clean, modern academic illustration with a cool, analytical color palette of blues, grays, and
2026-03-25 22:10:52,528 - __main__.CoverGenerator - INFO - Image saved to ../images/1704.07130v1.png
2026-03-25 22:10:52,529 - __main__.CoverGenerator - INFO - Generating a new image.
2026-03-25 22:10:52,529 - __main__.CoverGenerator - DEBUG - Prompt: A complex factor graph visualization for rare disease physician targeting, showing probabilistic connections between physician nodes (blue circles with stethoscope icons) and patient nodes (orange circles with health icons) through latent variable factors (gray diamonds), with edge weights representing relationship strengths and highlighted target physicians glowing with golden halos, clean network diagram style with mathematical precision, overhead perspective showing interconnected healthcare data spaces, monochromatic blue and orange color scheme with gold accents, scientific information visualization aesthetic, A4 portrait format, 1:sqrt(2) aspect ratio
2026-03-25 22:11:00,553 - __main__.CoverGenerator - INFO - Image saved to ../images/1701.05644v1.png
2026-03-25 22:11:00,553 - __main__.CoverGenerator - INFO - Generating a new image.
2026-03-25 22:11:00,553 - __main__.CoverGenerator - DEBUG - Prompt: A 3D visualization of a high-dimensional classification space with a translucent decision boundary hyperplane, points colored by classification confidence from red (low) to blue (high), a distinct thresholding contour isolating high-confidence points near the boundary, arrows indicating points being filtered out, clean scientific diagram style with a white background, subtle grid lines for spatial reference, focused overhead perspective, A4 portrait format, 1:sqrt(2) aspect ratio
2026-03-25 22:11:08,843 - __main__.CoverGenerator - INFO - Image saved to ../images/1705.07348v2.png
2026-03-25 22:11:08,843 - __main__.CoverGenerator - INFO - Generating a new image.
2026-03-25 22:11:08,843 - __main__.CoverGenerator - DEBUG - Prompt: A4 portrait format, 1:sqrt(2) aspect ratio. A detailed scientific illustration of a Denoising Deep Neural Network for Voice Activity Detection. The left side shows a waveform of noisy speech entering the visible input layer. The central architecture is a deep neural network with multiple hidden layers, visualized as interconnected nodes. The connections from the noisy input to the first hidden layer are highlighted, representing the unsupervised denoising pre-training phase that reconstructs clean features. The right side outputs a clean speech waveform and a binary VAD decision timeline. Use a cool color palette of blues and purples for the network, with the noisy input in muted gray and the clean output in vibrant cyan. Arrows indicate the forward flow of denoised information
2026-03-25 22:35:44,514 - __main__.CoverGenerator - INFO - ======================= New model =======================
2026-03-25 22:35:44,514 - __main__.CoverGenerator - DEBUG - Debug mode is ON
2026-03-25 22:35:44,514 - __main__.CoverGenerator - INFO - CoverGenerator initialized with model='black-forest-labs/FLUX.1-schnell'
2026-03-25 22:36:25,525 - __main__.CoverGenerator - INFO - Generating a new image.
2026-03-25 22:36:25,526 - __main__.CoverGenerator - DEBUG - Prompt: A4 portrait format, scientific visualization of a Hidden Markov Model (HMM) with discrete observations, showing a sequence of states (Q) as colored nodes (blue, green, orange) connected by probabilistic transitions, with a large number of distinct observations (O) visualized as a dense, overlapping cloud of gray dots, a singular value decomposition (SVD) matrix floating in the background with spectral properties, clean lines and flat vector illustration style with subtle gradients, split-view composition showing the algorithm's efficiency with matrix multiplications and no local optima, color palette of blues, grays, and accent oranges, precise technical diagram with labeled components
2026-03-25 22:36:34,556 - __main__.CoverGenerator - INFO - Image saved to ../images/student/0811.4413v6.png
2026-03-25 22:36:34,556 - __main__.CoverGenerator - INFO - Generating a new image.
2026-03-25 22:36:34,556 - __main__.CoverGenerator - DEBUG - Prompt: A4 portrait format, scientific visualization of a joint framework for compressive sensing and wavelet reconstruction: a compressively sensed image patch (grayscale) being decomposed by a lifting-based, separable, image-matched wavelet (visualized as a 3D lattice of orthogonal filters with colored coefficients), with the reconstructed full image patch emerging on the right side, using a simple Gaussian-like sensing matrix, multi-level L-Pyramid wavelet decomposition strategy shown as nested pyramids of wavelet coefficients, clean technical illustration style with precise linework, cool blue and gray color palette with accent colors for wavelet coefficients, split-view composition with clear directional flow from sensing to reconstruction, sharp focus on the wavelet decomposition process.
2026-03-25 22:36:42,961 - __main__.CoverGenerator - INFO - Image saved to ../images/student/1702.01970v1.png
2026-03-25 22:36:42,961 - __main__.CoverGenerator - INFO - Generating a new image.
2026-03-25 22:36:42,961 - __main__.CoverGenerator - DEBUG - Prompt: A4 portrait format, scientific visualization of a neural network being fooled by simple geometric transformations, a 3D convolutional neural network architecture with visible activation maps and feature channels, a rotating and translating 3D cube or polyhedron being projected onto the network's input layer, the cube's edges warping and distorting the network's learned features, a split-view composition showing the original input on the left and the transformed, adversarial input on the right, with a clear visual disconnect between the network's predictions, a color palette of cool blues and grays for the network with warm reds and oranges highlighting the activation patterns and the adversarial distortion, clean and precise digital illustration style with sharp edges and subtle volumetric lighting, emphasizing the geometric simplicity and the network's failure to generalize.
2026-03-25 22:36:50,652 - __main__.CoverGenerator - INFO - Image saved to ../images/student/1712.02779v3.png
2026-03-25 22:36:50,652 - __main__.CoverGenerator - INFO - Generating a new image.
2026-03-25 22:36:50,652 - __main__.CoverGenerator - DEBUG - Prompt: A4 portrait format, 1:sqrt(2) aspect ratio. A detailed scientific visualization of a fully automatic end-to-end system for diagnosing Attention Deficit Hyperactivity Disorder (ADHD) and Autism Spectrum Disorder (ASD). The scene shows a split-view composition. On the left, a modern RGBD sensor (color and depth) captures a person's behavior, with a semi-transparent overlay of a 3D skeletal mesh and facial expression analysis data streams. On the right, a dynamic deep learning neural network architecture processes the sensor data, with activation patterns visualized as colored heatmaps (blue for controls, red for comorbid conditions). The connection between the sensor and the neural network is shown as a glowing data pipeline. The style is a precise, clean
2026-03-25 22:36:57,856 - __main__.CoverGenerator - INFO - Image saved to ../images/student/1612.02374v1.png
2026-03-25 22:36:57,856 - __main__.CoverGenerator - INFO - Generating a new image.
2026-03-25 22:36:57,856 - __main__.CoverGenerator - DEBUG - Prompt: A4 portrait format, 1:sqrt(2) aspect ratio. Scientific visualization of high-dimensional structured data representation, showing a text document as a manifold embedded in a high-dimensional space, with a heat kernel visualization as a glowing, translucent overlay. The manifold's geometry is distorted to represent semantic similarity, with nodes connected by edges representing word co-occurrence. A split-view composition shows the original text on the left, with the corresponding high-dimensional manifold representation on the right. Clean, academic illustration style with a muted color palette of blues, grays, and warm yellows for the heat kernel, using precise line work and subtle gradients to represent data density.
2026-03-25 22:37:05,385 - __main__.CoverGenerator - INFO - Image saved to ../images/student/1206.5248v1.png
2026-03-25 22:37:05,385 - __main__.CoverGenerator - INFO - Generating a new image.
2026-03-25 22:37:05,385 - __main__.CoverGenerator - DEBUG - Prompt: A4 portrait format, 1:sqrt(2) aspect ratio. Scientific visualization of a particle filter system for multi-object tracking in a static scene. A 3D grid representing the scene, with multiple colored particle clouds (red, blue, green) converging on distinct object locations. Data association step visualized as golden connection lines linking particle clouds to detected object bounding boxes. State queue for each tracked object shown as a translucent, colored data buffer (e.g., cyan) containing a history of particle states. Adaptive parameter adjustment depicted as a dynamic, glowing feedback loop (orange) influencing particle weights and spread. Occlusion events shown as partial particle cloud occlusion, with recovery visualized as new particles emerging from the queue. Clean, technical illustration style with precise
2026-03-25 22:37:13,397 - __main__.CoverGenerator - INFO - Image saved to ../images/student/1510.00203v1.png
2026-03-25 22:37:13,398 - __main__.CoverGenerator - INFO - Generating a new image.
2026-03-25 22:37:13,398 - __main__.CoverGenerator - DEBUG - Prompt: A4 portrait format, 1:sqrt(2) aspect ratio. Scientific visualization of a dynamic knowledge graph evolving in a collaborative dialogue. Two agent nodes, one in cool blue and one in warm orange, connected by a central dialogue state. The knowledge graph is a complex, branching network of interconnected nodes and edges, with nodes representing structured concepts and edges representing semantic relationships. The graph is being dynamically updated, with new nodes and edges being added and existing ones being pruned, visualized as a flowing, organic structure. The style is a clean, modern scientific illustration with precise line work, subtle gradients, and soft directional lighting. The composition is a split-view, with the left side showing the initial dialogue state and the right side showing the evolved, more complex graph after strategic communication.
2026-03-25 22:37:21,432 - __main__.CoverGenerator - INFO - Image saved to ../images/student/1704.07130v1.png
2026-03-25 22:37:21,433 - __main__.CoverGenerator - INFO - Generating a new image.
2026-03-25 22:37:21,433 - __main__.CoverGenerator - DEBUG - Prompt: A4 portrait format, scientific visualization of a graphical model for rare disease physician targeting, showing a bipartite graph with patient nodes (small circles) and physician nodes (larger circles), edges representing relational dependencies, with a subset of edges highlighted in warm colors (red, orange) to indicate predicted target physicians, background of faint medical claim and prescription data gridlines, clean and precise academic illustration style with subtle grid lighting, split-view composition showing the graphical model on the left and a magnified detail of a single edge with probabilistic weights on the right, color palette of cool blues for non-targets and warm reds/oranges for predicted targets
2026-03-25 22:37:29,250 - __main__.CoverGenerator - INFO - Image saved to ../images/student/1701.05644v1.png
2026-03-25 22:37:29,251 - __main__.CoverGenerator - INFO - Generating a new image.
2026-03-25 22:37:29,251 - __main__.CoverGenerator - DEBUG - Prompt: A4 portrait format, scientific visualization of high-dimensional classification with thresholding method, cross-section view showing decision boundary as translucent hyperplane separating two clusters of data points, points near boundary highlighted with warm red glow indicating strong signals, points far from boundary in cool blue indicating noise, golden energy streams representing classification power flowing through informative points, clean academic illustration style with precise linework and subtle gradients, split-view composition showing both high-dimensional data cloud and 2D projection of decision boundary, loss function control visualized as transparent overlay with calibrated threshold line, mathematical notation for thresholding parameter embedded in corner
2026-03-25 22:37:36,920 - __main__.CoverGenerator - INFO - Image saved to ../images/student/1705.07348v2.png
2026-03-25 22:37:36,920 - __main__.CoverGenerator - INFO - Generating a new image.
2026-03-25 22:37:36,920 - __main__.CoverGenerator - DEBUG - Prompt: A4 portrait format, scientific visualization of a denoising-deep-neural-network (DDNN) architecture for voice activity detection, showing a deep neural network with multiple hidden layers, each layer visualized as a distinct, interconnected node cluster, with noisy speech waveforms as input and clean speech waveforms as output, data flow depicted as golden streams of activation energy, pre-training phase shown with a special unsupervised greedy layer-wise mode, fine-tuning phase shown with back-propagation algorithm arrows, color palette of cool blues for noisy inputs and warm reds for clean outputs, with a gradient from dark to light representing the denoising process, clean and precise academic illustration style with subtle grid lines, split-view composition showing both the network architecture and the
2026-03-25 22:37:44,844 - __main__.CoverGenerator - INFO - Image saved to ../images/student/1303.0663v1.png
